
Program Started
AES		 , nan		 ,  0		 , 0FFT		 , nan		 ,  0		 , 2SHA		 , nan		 ,  0		 , 0BFS		 , nan		 ,  0		 , 2KMP		 , nan		 ,  0		 , 0GEMM		 , nan		 ,  0		 , 3SORT		 , nan		 ,  0		 , 0SPMV		 , nan		 ,  0		 , 1
AES		 , 0.000		 ,  0		 , 1FFT		 , 0.000		 ,  0		 , 2SHA		 , 0.000		 ,  0		 , 2BFS		 , 0.000		 ,  0		 , 2KMP		 , 0.000		 ,  0		 , 0GEMM		 , 28.000		 ,  2		 , 5SORT		 , 0.000		 ,  0		 , 2SPMV		 , 7.500		 ,  3		 , 2
AES		 , 1.250		 ,  5		 , 2FFT		 , 0.000		 ,  0		 , 2SHA		 , 5.143		 ,  6		 , 3BFS		 , 0.000		 ,  0		 , 4KMP		 , 0.000		 ,  0		 , 2GEMM		 , 14.000		 ,  2		 , 5SORT		 , 0.000		 ,  0		 , 2SPMV		 , 3.750		 ,  3		 , 4
AES		 , 0.833		 ,  5		 , 2FFT		 , 0.000		 ,  0		 , 6SHA		 , 3.429		 ,  6		 , 3BFS		 , 2.143		 ,  1		 , 5KMP		 , 1.929		 ,  6		 , 2GEMM		 , 9.333		 ,  2		 , 6SORT		 , 0.000		 ,  0		 , 3SPMV		 , 2.500		 ,  3		 , 5
AES		 , 0.625		 ,  5		 , 2FFT		 , 0.000		 ,  0		 , 8SHA		 , 2.571		 ,  6		 , 4BFS		 , 4.821		 ,  3		 , 5KMP		 , 1.446		 ,  6		 , 2GEMM		 , 7.000		 ,  2		 , 7SORT		 , 0.750		 ,  6		 , 6SPMV		 , 1.875		 ,  3		 , 6
AES		 , 0.500		 ,  5		 , 2FFT		 , 3.036		 ,  5		 , 9SHA		 , 2.057		 ,  6		 , 4BFS		 , 3.857		 ,  3		 , 7KMP		 , 1.157		 ,  6		 , 5GEMM		 , 5.600		 ,  2		 , 8SORT		 , 1.200		 , 12		 , 6SPMV		 , 1.500		 ,  3		 , 7
AES		 , 0.417		 ,  5		 , 6FFT		 , 2.530		 ,  5		 , 10SHA		 , 1.714		 ,  6		 , 5BFS		 , 3.214		 ,  3		 , 7KMP		 , 1.929		 , 12		 , 5GEMM		 , 4.667		 ,  2		 , 9SORT		 , 1.000		 , 12		 , 6SPMV		 , 2.500		 ,  6		 , 8
AES		 , 1.429		 , 20		 , 7FFT		 , 2.168		 ,  5		 , 10SHA		 , 1.469		 ,  6		 , 6BFS		 , 2.755		 ,  3		 , 8KMP		 , 1.653		 , 12		 , 5GEMM		 , 4.000		 ,  2		 , 10SORT		 , 0.857		 , 12		 , 8SPMV		 , 2.143		 ,  6		 , 10
AES		 , 1.250		 , 20		 , 7FFT		 , 1.897		 ,  5		 , 12SHA		 , 1.286		 ,  6		 , 6BFS		 , 2.411		 ,  3		 , 9KMP		 , 1.446		 , 12		 , 6GEMM		 , 3.500		 ,  2		 , 11SORT		 , 1.312		 , 21		 , 9SPMV		 , 1.875		 ,  6		 , 12
AES		 , 1.111		 , 20		 , 9FFT		 , 1.687		 ,  5		 , 12SHA		 , 1.143		 ,  6		 , 7BFS		 , 2.143		 ,  3		 , 10KMP		 , 1.929		 , 18		 , 7GEMM		 , 3.111		 ,  2		 , 11SORT		 , 1.333		 , 24		 , 12SPMV		 , 1.667		 ,  6		 , 12
AES		 , 1.500		 , 30		 , 10FFT		 , 1.518		 ,  5		 , 15SHA		 , 1.543		 ,  9		 , 7BFS		 , 1.929		 ,  3		 , 10KMP		 , 1.736		 , 18		 , 7GEMM		 , 2.800		 ,  2		 , 12SORT		 , 1.200		 , 24		 , 13SPMV		 , 1.500		 ,  6		 , 14
AES		 , 1.364		 , 30		 , 10FFT		 , 1.380		 ,  5		 , 16SHA		 , 2.182		 , 14		 , 8BFS		 , 1.753		 ,  3		 , 12KMP		 , 1.578		 , 18		 , 7GEMM		 , 2.545		 ,  2		 , 12SORT		 , 1.227		 , 27		 , 15SPMV		 , 2.045		 ,  9		 , 16
AES		 , 1.250		 , 30		 , 11FFT		 , 2.530		 , 10		 , 19SHA		 , 2.000		 , 14		 , 10BFS		 , 1.607		 ,  3		 , 14KMP		 , 1.446		 , 18		 , 7GEMM		 , 2.333		 ,  2		 , 12SORT		 , 1.375		 , 33		 , 15SPMV		 , 1.875		 ,  9		 , 16
AES		 , 1.346		 , 35		 , 13FFT		 , 2.335		 , 10		 , 20SHA		 , 2.242		 , 17		 , 11BFS		 , 1.978		 ,  4		 , 15KMP		 , 1.335		 , 18		 , 8GEMM		 , 2.154		 ,  2		 , 12SORT		 , 1.269		 , 33		 , 16SPMV		 , 1.731		 ,  9		 , 17
AES		 , 1.429		 , 40		 , 13FFT		 , 2.168		 , 10		 , 21SHA		 , 2.082		 , 17		 , 12BFS		 , 1.837		 ,  4		 , 17KMP		 , 1.446		 , 21		 , 9GEMM		 , 2.000		 ,  2		 , 14SORT		 , 1.286		 , 36		 , 16SPMV		 , 1.607		 ,  9		 , 18
AES		 , 1.333		 , 40		 , 13FFT		 , 2.024		 , 10		 , 23SHA		 , 1.943		 , 17		 , 13BFS		 , 1.714		 ,  4		 , 20KMP		 , 1.736		 , 27		 , 10GEMM		 , 1.867		 ,  2		 , 15SORT		 , 1.200		 , 36		 , 16SPMV		 , 2.000		 , 12		 , 18
AES		 , 1.250		 , 40		 , 13FFT		 , 1.897		 , 10		 , 24SHA		 , 1.821		 , 17		 , 14BFS		 , 1.607		 ,  4		 , 22KMP		 , 2.170		 , 36		 , 11GEMM		 , 1.750		 ,  2		 , 16SORT		 , 1.125		 , 36		 , 17SPMV		 , 1.875		 , 12		 , 19
AES		 , 1.176		 , 40		 , 15FFT		 , 1.786		 , 10		 , 25SHA		 , 1.714		 , 17		 , 14BFS		 , 1.513		 ,  4		 , 23KMP		 , 2.042		 , 36		 , 12GEMM		 , 1.647		 ,  2		 , 18SORT		 , 1.324		 , 45		 , 17SPMV		 , 1.765		 , 12		 , 20
AES		 , 1.389		 , 50		 , 15FFT		 , 1.687		 , 10		 , 28SHA		 , 1.619		 , 17		 , 14BFS		 , 1.429		 ,  4		 , 24KMP		 , 1.929		 , 36		 , 14GEMM		 , 3.111		 ,  4		 , 19SORT		 , 1.250		 , 45		 , 18SPMV		 , 1.667		 , 12		 , 20
AES		 , 1.316		 , 50		 , 17FFT		 , 1.598		 , 10		 , 29SHA		 , 1.534		 , 17		 , 15BFS		 , 1.692		 ,  5		 , 25KMP		 , 1.979		 , 39		 , 16GEMM		 , 2.947		 ,  4		 , 20SORT		 , 1.263		 , 48		 , 18SPMV		 , 1.579		 , 12		 , 20
AES		 , 1.500		 , 60		 , 19FFT		 , 1.518		 , 10		 , 30SHA		 , 1.457		 , 17		 , 16BFS		 , 2.250		 ,  7		 , 26KMP		 , 1.880		 , 39		 , 17GEMM		 , 2.800		 ,  4		 , 21SORT		 , 1.200		 , 48		 , 18SPMV		 , 1.500		 , 12		 , 21
AES		 , 1.548		 , 65		 , 20FFT		 , 2.168		 , 15		 , 30SHA		 , 1.633		 , 20		 , 18BFS		 , 2.143		 ,  7		 , 26KMP		 , 1.791		 , 39		 , 19GEMM		 , 2.667		 ,  4		 , 23SORT		 , 1.143		 , 48		 , 18SPMV		 , 1.429		 , 12		 , 22
AES		 , 1.591		 , 70		 , 21FFT		 , 2.070		 , 15		 , 32SHA		 , 1.558		 , 20		 , 18BFS		 , 2.045		 ,  7		 , 27KMP		 , 1.709		 , 39		 , 19GEMM		 , 2.545		 ,  4		 , 26SORT		 , 1.091		 , 48		 , 19SPMV		 , 2.045		 , 18		 , 22
AES		 , 1.630		 , 75		 , 22FFT		 , 2.640		 , 20		 , 34SHA		 , 1.491		 , 20		 , 19BFS		 , 1.957		 ,  7		 , 28KMP		 , 1.635		 , 39		 , 20GEMM		 , 2.435		 ,  4		 , 27SORT		 , 1.109		 , 51		 , 19SPMV		 , 1.957		 , 18		 , 23
AES		 , 1.771		 , 85		 , 25FFT		 , 2.530		 , 20		 , 34SHA		 , 1.643		 , 23		 , 19BFS		 , 1.875		 ,  7		 , 29KMP		 , 1.567		 , 39		 , 21GEMM		 , 2.333		 ,  4		 , 28SORT		 , 1.062		 , 51		 , 21SPMV		 , 1.875		 , 18		 , 23
AES		 , 1.700		 , 85		 , 26FFT		 , 2.429		 , 20		 , 34SHA		 , 1.577		 , 23		 , 20BFS		 , 1.800		 ,  7		 , 29KMP		 , 1.504		 , 39		 , 24GEMM		 , 2.240		 ,  4		 , 28SORT		 , 1.200		 , 60		 , 24SPMV		 , 1.800		 , 18		 , 23

Program Finished
