
Program Started
AES		 , nan		 ,  0		 ,   1FFT		 , nan		 ,  0		 ,   1SHA		 , nan		 ,  0		 ,   1BFS		 , nan		 ,  0		 ,   1KMP		 , nan		 ,  0		 ,   1GEMM		 , nan		 ,  0		 ,   1SORT		 , nan		 ,  0		 ,   1SPMV		 , nan		 ,  0		 ,   1
AES		 , 0.000		 ,  0		 ,   2FFT		 , 17.000		 ,  1		 ,   2SHA		 , 0.000		 ,  0		 ,   2BFS		 , 0.000		 ,  0		 ,   2KMP		 , 0.000		 ,  0		 ,   2GEMM		 , 0.000		 ,  0		 ,   2SORT		 , 0.000		 ,  0		 ,   2SPMV		 , 0.000		 ,  0		 ,   2
AES		 , 0.000		 ,  0		 ,   3FFT		 , 8.500		 ,  1		 ,   3SHA		 , 0.000		 ,  0		 ,   3BFS		 , 0.000		 ,  0		 ,   3KMP		 , 0.000		 ,  0		 ,   3GEMM		 , 0.000		 ,  0		 ,   3SORT		 , 0.000		 ,  0		 ,   3SPMV		 , 0.000		 ,  0		 ,   3
AES		 , 0.000		 ,  0		 ,   4FFT		 , 5.667		 ,  1		 ,   4SHA		 , 0.000		 ,  0		 ,   4BFS		 , 0.000		 ,  0		 ,   4KMP		 , 0.000		 ,  0		 ,   4GEMM		 , 0.000		 ,  0		 ,   4SORT		 , 0.000		 ,  0		 ,   4SPMV		 , 0.000		 ,  0		 ,   4
AES		 , 0.000		 ,  0		 ,   5FFT		 , 4.250		 ,  1		 ,   5SHA		 , 0.000		 ,  0		 ,   5BFS		 , 0.000		 ,  0		 ,   5KMP		 , 0.000		 ,  0		 ,   5GEMM		 , 0.000		 ,  0		 ,   5SORT		 , 0.000		 ,  0		 ,   5SPMV		 , 0.000		 ,  0		 ,   5
AES		 , 0.000		 ,  0		 ,   6FFT		 , 3.400		 ,  1		 ,   6SHA		 , 0.000		 ,  0		 ,   6BFS		 , 0.000		 ,  0		 ,   6KMP		 , 0.000		 ,  0		 ,   6GEMM		 , 0.000		 ,  0		 ,   6SORT		 , 0.000		 ,  0		 ,   6SPMV		 , 0.000		 ,  0		 ,   6
AES		 , 0.000		 ,  0		 ,   7FFT		 , 2.833		 ,  1		 ,   7SHA		 , 0.000		 ,  0		 ,   7BFS		 , 0.000		 ,  0		 ,   7KMP		 , 0.000		 ,  0		 ,   7GEMM		 , 0.000		 ,  0		 ,   7SORT		 , 0.000		 ,  0		 ,   7SPMV		 , 0.000		 ,  0		 ,   7
AES		 , 0.000		 ,  0		 ,   8FFT		 , 2.429		 ,  1		 ,   8SHA		 , 0.000		 ,  0		 ,   8BFS		 , 0.000		 ,  0		 ,   8KMP		 , 0.000		 ,  0		 ,   8GEMM		 , 0.000		 ,  0		 ,   8SORT		 , 0.000		 ,  0		 ,   8SPMV		 , 0.000		 ,  0		 ,   8
AES		 , 0.000		 ,  0		 ,   9FFT		 , 2.125		 ,  1		 ,   9SHA		 , 0.000		 ,  0		 ,   9BFS		 , 0.000		 ,  0		 ,   9KMP		 , 0.000		 ,  0		 ,   9GEMM		 , 0.000		 ,  0		 ,   9SORT		 , 0.000		 ,  0		 ,   9SPMV		 , 0.000		 ,  0		 ,   9
AES		 , 0.000		 ,  0		 ,  10FFT		 , 1.889		 ,  1		 ,  10SHA		 , 0.000		 ,  0		 ,  10BFS		 , 0.000		 ,  0		 ,  10KMP		 , 0.000		 ,  0		 ,  10GEMM		 , 0.000		 ,  0		 ,  10SORT		 , 0.000		 ,  0		 ,  10SPMV		 , 0.000		 ,  0		 ,  10
AES		 , 0.000		 ,  0		 ,  11FFT		 , 1.700		 ,  1		 ,  11SHA		 , 0.000		 ,  0		 ,  11BFS		 , 0.000		 ,  0		 ,  11KMP		 , 0.000		 ,  0		 ,  11GEMM		 , 0.000		 ,  0		 ,  11SORT		 , 0.000		 ,  0		 ,  11SPMV		 , 0.000		 ,  0		 ,  11
AES		 , 0.000		 ,  0		 ,  12FFT		 , 1.545		 ,  1		 ,  12SHA		 , 0.000		 ,  0		 ,  12BFS		 , 0.000		 ,  0		 ,  12KMP		 , 0.000		 ,  0		 ,  12GEMM		 , 0.000		 ,  0		 ,  12SORT		 , 0.000		 ,  0		 ,  12SPMV		 , 0.000		 ,  0		 ,  12
AES		 , 0.000		 ,  0		 ,  13FFT		 , 1.417		 ,  1		 ,  13SHA		 , 0.000		 ,  0		 ,  13BFS		 , 0.000		 ,  0		 ,  13KMP		 , 0.000		 ,  0		 ,  13GEMM		 , 0.000		 ,  0		 ,  13SORT		 , 0.000		 ,  0		 ,  13SPMV		 , 0.000		 ,  0		 ,  13
AES		 , 0.000		 ,  0		 ,  14FFT		 , 1.308		 ,  1		 ,  14SHA		 , 0.000		 ,  0		 ,  14BFS		 , 0.000		 ,  0		 ,  14KMP		 , 0.000		 ,  0		 ,  14GEMM		 , 0.000		 ,  0		 ,  14SORT		 , 0.000		 ,  0		 ,  14SPMV		 , 0.000		 ,  0		 ,  14
AES		 , 0.000		 ,  0		 ,  15FFT		 , 1.214		 ,  1		 ,  15SHA		 , 0.000		 ,  0		 ,  15BFS		 , 0.000		 ,  0		 ,  15KMP		 , 0.000		 ,  0		 ,  15GEMM		 , 0.000		 ,  0		 ,  15SORT		 , 0.000		 ,  0		 ,  15SPMV		 , 0.000		 ,  0		 ,  15
AES		 , 0.000		 ,  0		 ,  16FFT		 , 2.267		 ,  2		 ,  16SHA		 , 0.000		 ,  0		 ,  16BFS		 , 0.000		 ,  0		 ,  16KMP		 , 0.000		 ,  0		 ,  16GEMM		 , 0.000		 ,  0		 ,  16SORT		 , 0.000		 ,  0		 ,  16SPMV		 , 0.000		 ,  0		 ,  16
AES		 , 0.000		 ,  0		 ,  17FFT		 , 2.125		 ,  2		 ,  17SHA		 , 0.000		 ,  0		 ,  17BFS		 , 0.000		 ,  0		 ,  17KMP		 , 0.000		 ,  0		 ,  17GEMM		 , 0.000		 ,  0		 ,  17SORT		 , 0.000		 ,  0		 ,  17SPMV		 , 0.000		 ,  0		 ,  17
AES		 , 0.000		 ,  0		 ,  18FFT		 , 2.000		 ,  2		 ,  18SHA		 , 0.000		 ,  0		 ,  18BFS		 , 0.000		 ,  0		 ,  18KMP		 , 0.000		 ,  0		 ,  18GEMM		 , 0.000		 ,  0		 ,  18SORT		 , 0.000		 ,  0		 ,  18SPMV		 , 0.000		 ,  0		 ,  18
AES		 , 0.000		 ,  0		 ,  19FFT		 , 1.889		 ,  2		 ,  19SHA		 , 0.000		 ,  0		 ,  19BFS		 , 0.000		 ,  0		 ,  19KMP		 , 0.000		 ,  0		 ,  19GEMM		 , 0.000		 ,  0		 ,  19SORT		 , 0.000		 ,  0		 ,  19SPMV		 , 0.000		 ,  0		 ,  19
AES		 , 0.000		 ,  0		 ,  20FFT		 , 1.789		 ,  2		 ,  20SHA		 , 0.000		 ,  0		 ,  20BFS		 , 0.000		 ,  0		 ,  20KMP		 , 0.000		 ,  0		 ,  20GEMM		 , 0.000		 ,  0		 ,  20SORT		 , 0.000		 ,  0		 ,  20SPMV		 , 0.000		 ,  0		 ,  20
AES		 , 0.000		 ,  0		 ,  21FFT		 , 1.700		 ,  2		 ,  21SHA		 , 0.000		 ,  0		 ,  21BFS		 , 0.000		 ,  0		 ,  21KMP		 , 0.000		 ,  0		 ,  21GEMM		 , 0.000		 ,  0		 ,  21SORT		 , 0.000		 ,  0		 ,  21SPMV		 , 0.000		 ,  0		 ,  21
AES		 , 0.000		 ,  0		 ,  22FFT		 , 1.619		 ,  2		 ,  22SHA		 , 0.000		 ,  0		 ,  22BFS		 , 0.000		 ,  0		 ,  22KMP		 , 0.000		 ,  0		 ,  22GEMM		 , 0.000		 ,  0		 ,  22SORT		 , 0.000		 ,  0		 ,  22SPMV		 , 0.000		 ,  0		 ,  22
AES		 , 0.000		 ,  0		 ,  23FFT		 , 1.545		 ,  2		 ,  23SHA		 , 0.000		 ,  0		 ,  23BFS		 , 0.000		 ,  0		 ,  23KMP		 , 0.000		 ,  0		 ,  23GEMM		 , 0.000		 ,  0		 ,  23SORT		 , 0.000		 ,  0		 ,  23SPMV		 , 0.000		 ,  0		 ,  23
AES		 , 0.000		 ,  0		 ,  24FFT		 , 1.478		 ,  2		 ,  24SHA		 , 0.000		 ,  0		 ,  24BFS		 , 0.000		 ,  0		 ,  24KMP		 , 0.000		 ,  0		 ,  24GEMM		 , 0.000		 ,  0		 ,  24SORT		 , 0.000		 ,  0		 ,  24SPMV		 , 0.000		 ,  0		 ,  24
AES		 , 0.000		 ,  0		 ,  25FFT		 , 1.417		 ,  2		 ,  25SHA		 , 0.000		 ,  0		 ,  25BFS		 , 0.000		 ,  0		 ,  25KMP		 , 0.000		 ,  0		 ,  25GEMM		 , 0.000		 ,  0		 ,  25SORT		 , 0.000		 ,  0		 ,  25SPMV		 , 0.000		 ,  0		 ,  25
AES		 , 0.000		 ,  0		 ,  26FFT		 , 1.360		 ,  2		 ,  26SHA		 , 0.000		 ,  0		 ,  26BFS		 , 0.000		 ,  0		 ,  26KMP		 , 0.000		 ,  0		 ,  26GEMM		 , 0.000		 ,  0		 ,  26SORT		 , 0.000		 ,  0		 ,  26SPMV		 , 0.000		 ,  0		 ,  26
AES		 , 0.000		 ,  0		 ,  27FFT		 , 1.308		 ,  2		 ,  27SHA		 , 0.000		 ,  0		 ,  27BFS		 , 0.000		 ,  0		 ,  27KMP		 , 0.000		 ,  0		 ,  27GEMM		 , 0.000		 ,  0		 ,  27SORT		 , 0.000		 ,  0		 ,  27SPMV		 , 0.000		 ,  0		 ,  27
AES		 , 0.000		 ,  0		 ,  28FFT		 , 1.259		 ,  2		 ,  28SHA		 , 0.000		 ,  0		 ,  28BFS		 , 0.000		 ,  0		 ,  28KMP		 , 0.000		 ,  0		 ,  28GEMM		 , 0.000		 ,  0		 ,  28SORT		 , 0.000		 ,  0		 ,  28SPMV		 , 0.000		 ,  0		 ,  28
AES		 , 0.000		 ,  0		 ,  29FFT		 , 1.214		 ,  2		 ,  29SHA		 , 0.000		 ,  0		 ,  29BFS		 , 0.000		 ,  0		 ,  29KMP		 , 0.000		 ,  0		 ,  29GEMM		 , 0.000		 ,  0		 ,  29SORT		 , 0.000		 ,  0		 ,  29SPMV		 , 0.000		 ,  0		 ,  29
AES		 , 0.000		 ,  0		 ,  30FFT		 , 1.759		 ,  3		 ,  30SHA		 , 0.000		 ,  0		 ,  30BFS		 , 0.000		 ,  0		 ,  30KMP		 , 0.000		 ,  0		 ,  30GEMM		 , 0.000		 ,  0		 ,  30SORT		 , 0.000		 ,  0		 ,  30SPMV		 , 0.000		 ,  0		 ,  30
AES		 , 0.000		 ,  0		 ,  31FFT		 , 1.700		 ,  3		 ,  31SHA		 , 0.000		 ,  0		 ,  31BFS		 , 0.000		 ,  0		 ,  31KMP		 , 0.000		 ,  0		 ,  31GEMM		 , 0.000		 ,  0		 ,  31SORT		 , 0.000		 ,  0		 ,  31SPMV		 , 0.000		 ,  0		 ,  31
AES		 , 0.000		 ,  0		 ,  32FFT		 , 1.645		 ,  3		 ,  32SHA		 , 0.000		 ,  0		 ,  32BFS		 , 0.000		 ,  0		 ,  32KMP		 , 0.000		 ,  0		 ,  32GEMM		 , 0.000		 ,  0		 ,  32SORT		 , 0.000		 ,  0		 ,  32SPMV		 , 0.000		 ,  0		 ,  32
AES		 , 0.000		 ,  0		 ,  33FFT		 , 1.594		 ,  3		 ,  33SHA		 , 0.000		 ,  0		 ,  33BFS		 , 0.000		 ,  0		 ,  33KMP		 , 0.000		 ,  0		 ,  33GEMM		 , 0.000		 ,  0		 ,  33SORT		 , 0.000		 ,  0		 ,  33SPMV		 , 0.000		 ,  0		 ,  33
AES		 , 0.000		 ,  0		 ,  34FFT		 , 1.545		 ,  3		 ,  34SHA		 , 0.000		 ,  0		 ,  34BFS		 , 0.000		 ,  0		 ,  34KMP		 , 0.000		 ,  0		 ,  34GEMM		 , 0.000		 ,  0		 ,  34SORT		 , 0.000		 ,  0		 ,  34SPMV		 , 0.000		 ,  0		 ,  34
AES		 , 0.000		 ,  0		 ,  35FFT		 , 1.500		 ,  3		 ,  35SHA		 , 0.000		 ,  0		 ,  35BFS		 , 0.000		 ,  0		 ,  35KMP		 , 0.000		 ,  0		 ,  35GEMM		 , 0.000		 ,  0		 ,  35SORT		 , 0.000		 ,  0		 ,  35SPMV		 , 0.000		 ,  0		 ,  35
AES		 , 0.000		 ,  0		 ,  36FFT		 , 1.457		 ,  3		 ,  36SHA		 , 0.000		 ,  0		 ,  36BFS		 , 0.000		 ,  0		 ,  36KMP		 , 0.000		 ,  0		 ,  36GEMM		 , 0.000		 ,  0		 ,  36SORT		 , 0.000		 ,  0		 ,  36SPMV		 , 0.000		 ,  0		 ,  36
AES		 , 0.000		 ,  0		 ,  37FFT		 , 1.417		 ,  3		 ,  37SHA		 , 0.000		 ,  0		 ,  37BFS		 , 0.000		 ,  0		 ,  37KMP		 , 0.000		 ,  0		 ,  37GEMM		 , 0.000		 ,  0		 ,  37SORT		 , 0.000		 ,  0		 ,  37SPMV		 , 0.000		 ,  0		 ,  37
AES		 , 0.000		 ,  0		 ,  38FFT		 , 1.378		 ,  3		 ,  38SHA		 , 0.000		 ,  0		 ,  38BFS		 , 0.000		 ,  0		 ,  38KMP		 , 0.000		 ,  0		 ,  38GEMM		 , 0.000		 ,  0		 ,  38SORT		 , 0.000		 ,  0		 ,  38SPMV		 , 0.000		 ,  0		 ,  38
AES		 , 0.000		 ,  0		 ,  39FFT		 , 1.342		 ,  3		 ,  39SHA		 , 0.000		 ,  0		 ,  39BFS		 , 0.000		 ,  0		 ,  39KMP		 , 0.000		 ,  0		 ,  39GEMM		 , 0.000		 ,  0		 ,  39SORT		 , 0.000		 ,  0		 ,  39SPMV		 , 0.000		 ,  0		 ,  39
AES		 , 0.000		 ,  0		 ,  40FFT		 , 1.308		 ,  3		 ,  40SHA		 , 0.000		 ,  0		 ,  40BFS		 , 0.000		 ,  0		 ,  40KMP		 , 0.000		 ,  0		 ,  40GEMM		 , 0.000		 ,  0		 ,  40SORT		 , 0.000		 ,  0		 ,  40SPMV		 , 0.000		 ,  0		 ,  40
AES		 , 0.000		 ,  0		 ,  41FFT		 , 1.275		 ,  3		 ,  41SHA		 , 0.000		 ,  0		 ,  41BFS		 , 0.000		 ,  0		 ,  41KMP		 , 0.000		 ,  0		 ,  41GEMM		 , 0.000		 ,  0		 ,  41SORT		 , 0.000		 ,  0		 ,  41SPMV		 , 0.000		 ,  0		 ,  41
AES		 , 0.000		 ,  0		 ,  42FFT		 , 1.244		 ,  3		 ,  42SHA		 , 0.000		 ,  0		 ,  42BFS		 , 0.000		 ,  0		 ,  42KMP		 , 0.000		 ,  0		 ,  42GEMM		 , 0.000		 ,  0		 ,  42SORT		 , 0.000		 ,  0		 ,  42SPMV		 , 0.000		 ,  0		 ,  42
AES		 , 0.000		 ,  0		 ,  43FFT		 , 1.214		 ,  3		 ,  43SHA		 , 0.000		 ,  0		 ,  43BFS		 , 0.000		 ,  0		 ,  43KMP		 , 0.000		 ,  0		 ,  43GEMM		 , 0.000		 ,  0		 ,  43SORT		 , 0.000		 ,  0		 ,  43SPMV		 , 0.000		 ,  0		 ,  43
AES		 , 0.000		 ,  0		 ,  44FFT		 , 1.581		 ,  4		 ,  44SHA		 , 0.000		 ,  0		 ,  44BFS		 , 0.000		 ,  0		 ,  44KMP		 , 0.000		 ,  0		 ,  44GEMM		 , 0.000		 ,  0		 ,  44SORT		 , 0.000		 ,  0		 ,  44SPMV		 , 0.000		 ,  0		 ,  44
AES		 , 0.000		 ,  0		 ,  45FFT		 , 1.545		 ,  4		 ,  45SHA		 , 0.000		 ,  0		 ,  45BFS		 , 0.000		 ,  0		 ,  45KMP		 , 0.000		 ,  0		 ,  45GEMM		 , 0.000		 ,  0		 ,  45SORT		 , 0.000		 ,  0		 ,  45SPMV		 , 0.000		 ,  0		 ,  45
AES		 , 0.000		 ,  0		 ,  46FFT		 , 1.511		 ,  4		 ,  46SHA		 , 0.000		 ,  0		 ,  46BFS		 , 0.000		 ,  0		 ,  46KMP		 , 0.000		 ,  0		 ,  46GEMM		 , 0.000		 ,  0		 ,  46SORT		 , 0.000		 ,  0		 ,  46SPMV		 , 0.000		 ,  0		 ,  46
AES		 , 0.000		 ,  0		 ,  47FFT		 , 1.478		 ,  4		 ,  47SHA		 , 0.000		 ,  0		 ,  47BFS		 , 0.000		 ,  0		 ,  47KMP		 , 0.000		 ,  0		 ,  47GEMM		 , 0.000		 ,  0		 ,  47SORT		 , 0.000		 ,  0		 ,  47SPMV		 , 0.000		 ,  0		 ,  47
AES		 , 0.000		 ,  0		 ,  48FFT		 , 1.447		 ,  4		 ,  48SHA		 , 0.000		 ,  0		 ,  48BFS		 , 0.000		 ,  0		 ,  48KMP		 , 0.000		 ,  0		 ,  48GEMM		 , 0.000		 ,  0		 ,  48SORT		 , 0.000		 ,  0		 ,  48SPMV		 , 0.000		 ,  0		 ,  48
AES		 , 0.000		 ,  0		 ,  49FFT		 , 1.417		 ,  4		 ,  49SHA		 , 0.000		 ,  0		 ,  49BFS		 , 0.000		 ,  0		 ,  49KMP		 , 0.000		 ,  0		 ,  49GEMM		 , 0.000		 ,  0		 ,  49SORT		 , 0.000		 ,  0		 ,  49SPMV		 , 0.000		 ,  0		 ,  49
AES		 , 0.000		 ,  0		 ,  50FFT		 , 1.388		 ,  4		 ,  50SHA		 , 0.000		 ,  0		 ,  50BFS		 , 0.000		 ,  0		 ,  50KMP		 , 0.000		 ,  0		 ,  50GEMM		 , 0.000		 ,  0		 ,  50SORT		 , 0.000		 ,  0		 ,  50SPMV		 , 0.000		 ,  0		 ,  50
AES		 , 0.000		 ,  0		 ,  51FFT		 , 1.360		 ,  4		 ,  51SHA		 , 0.000		 ,  0		 ,  51BFS		 , 0.000		 ,  0		 ,  51KMP		 , 0.000		 ,  0		 ,  51GEMM		 , 0.000		 ,  0		 ,  51SORT		 , 0.000		 ,  0		 ,  51SPMV		 , 0.000		 ,  0		 ,  51
AES		 , 0.000		 ,  0		 ,  52FFT		 , 1.333		 ,  4		 ,  52SHA		 , 0.000		 ,  0		 ,  52BFS		 , 0.000		 ,  0		 ,  52KMP		 , 0.000		 ,  0		 ,  52GEMM		 , 0.000		 ,  0		 ,  52SORT		 , 0.000		 ,  0		 ,  52SPMV		 , 0.000		 ,  0		 ,  52
AES		 , 0.000		 ,  0		 ,  53FFT		 , 1.308		 ,  4		 ,  53SHA		 , 0.000		 ,  0		 ,  53BFS		 , 0.000		 ,  0		 ,  53KMP		 , 0.000		 ,  0		 ,  53GEMM		 , 0.000		 ,  0		 ,  53SORT		 , 0.000		 ,  0		 ,  53SPMV		 , 0.000		 ,  0		 ,  53
AES		 , 0.000		 ,  0		 ,  54FFT		 , 1.283		 ,  4		 ,  54SHA		 , 0.000		 ,  0		 ,  54BFS		 , 0.000		 ,  0		 ,  54KMP		 , 0.000		 ,  0		 ,  54GEMM		 , 0.000		 ,  0		 ,  54SORT		 , 0.000		 ,  0		 ,  54SPMV		 , 0.000		 ,  0		 ,  54
AES		 , 0.000		 ,  0		 ,  55FFT		 , 1.259		 ,  4		 ,  55SHA		 , 0.000		 ,  0		 ,  55BFS		 , 0.000		 ,  0		 ,  55KMP		 , 0.000		 ,  0		 ,  55GEMM		 , 0.000		 ,  0		 ,  55SORT		 , 0.000		 ,  0		 ,  55SPMV		 , 0.000		 ,  0		 ,  55
AES		 , 0.000		 ,  0		 ,  56FFT		 , 1.236		 ,  4		 ,  56SHA		 , 0.000		 ,  0		 ,  56BFS		 , 0.000		 ,  0		 ,  56KMP		 , 0.000		 ,  0		 ,  56GEMM		 , 0.000		 ,  0		 ,  56SORT		 , 0.000		 ,  0		 ,  56SPMV		 , 0.000		 ,  0		 ,  56
AES		 , 0.000		 ,  0		 ,  57FFT		 , 1.518		 ,  5		 ,  57SHA		 , 0.000		 ,  0		 ,  57BFS		 , 0.000		 ,  0		 ,  57KMP		 , 0.000		 ,  0		 ,  57GEMM		 , 0.000		 ,  0		 ,  57SORT		 , 0.000		 ,  0		 ,  57SPMV		 , 0.000		 ,  0		 ,  57
AES		 , 0.000		 ,  0		 ,  58FFT		 , 1.491		 ,  5		 ,  58SHA		 , 0.000		 ,  0		 ,  58BFS		 , 0.000		 ,  0		 ,  58KMP		 , 0.000		 ,  0		 ,  58GEMM		 , 0.000		 ,  0		 ,  58SORT		 , 0.000		 ,  0		 ,  58SPMV		 , 0.000		 ,  0		 ,  58
AES		 , 0.000		 ,  0		 ,  59FFT		 , 1.466		 ,  5		 ,  59SHA		 , 0.000		 ,  0		 ,  59BFS		 , 0.000		 ,  0		 ,  59KMP		 , 0.000		 ,  0		 ,  59GEMM		 , 0.000		 ,  0		 ,  59SORT		 , 0.000		 ,  0		 ,  59SPMV		 , 0.000		 ,  0		 ,  59
AES		 , 0.000		 ,  0		 ,  60FFT		 , 1.441		 ,  5		 ,  60SHA		 , 0.000		 ,  0		 ,  60BFS		 , 0.000		 ,  0		 ,  60KMP		 , 0.000		 ,  0		 ,  60GEMM		 , 0.000		 ,  0		 ,  60SORT		 , 0.000		 ,  0		 ,  60SPMV		 , 0.000		 ,  0		 ,  60
AES		 , 0.000		 ,  0		 ,  61FFT		 , 1.417		 ,  5		 ,  61SHA		 , 0.000		 ,  0		 ,  61BFS		 , 0.000		 ,  0		 ,  61KMP		 , 0.000		 ,  0		 ,  61GEMM		 , 0.000		 ,  0		 ,  61SORT		 , 0.000		 ,  0		 ,  61SPMV		 , 0.000		 ,  0		 ,  61
AES		 , 0.000		 ,  0		 ,  62FFT		 , 1.393		 ,  5		 ,  62SHA		 , 0.000		 ,  0		 ,  62BFS		 , 0.000		 ,  0		 ,  62KMP		 , 0.000		 ,  0		 ,  62GEMM		 , 0.000		 ,  0		 ,  62SORT		 , 0.000		 ,  0		 ,  62SPMV		 , 0.000		 ,  0		 ,  62
AES		 , 0.000		 ,  0		 ,  63FFT		 , 1.371		 ,  5		 ,  63SHA		 , 0.000		 ,  0		 ,  63BFS		 , 0.000		 ,  0		 ,  63KMP		 , 0.000		 ,  0		 ,  63GEMM		 , 0.000		 ,  0		 ,  63SORT		 , 0.000		 ,  0		 ,  63SPMV		 , 0.000		 ,  0		 ,  63
AES		 , 0.000		 ,  0		 ,  64FFT		 , 1.349		 ,  5		 ,  64SHA		 , 0.000		 ,  0		 ,  64BFS		 , 0.000		 ,  0		 ,  64KMP		 , 0.000		 ,  0		 ,  64GEMM		 , 0.000		 ,  0		 ,  64SORT		 , 0.000		 ,  0		 ,  64SPMV		 , 0.000		 ,  0		 ,  64
AES		 , 0.000		 ,  0		 ,  65FFT		 , 1.328		 ,  5		 ,  65SHA		 , 0.000		 ,  0		 ,  65BFS		 , 0.000		 ,  0		 ,  65KMP		 , 0.000		 ,  0		 ,  65GEMM		 , 0.000		 ,  0		 ,  65SORT		 , 0.000		 ,  0		 ,  65SPMV		 , 0.000		 ,  0		 ,  65
AES		 , 0.000		 ,  0		 ,  66FFT		 , 1.308		 ,  5		 ,  66SHA		 , 0.000		 ,  0		 ,  66BFS		 , 0.000		 ,  0		 ,  66KMP		 , 0.000		 ,  0		 ,  66GEMM		 , 0.000		 ,  0		 ,  66SORT		 , 0.000		 ,  0		 ,  66SPMV		 , 0.000		 ,  0		 ,  66
AES		 , 0.000		 ,  0		 ,  67FFT		 , 1.288		 ,  5		 ,  67SHA		 , 0.000		 ,  0		 ,  67BFS		 , 0.000		 ,  0		 ,  67KMP		 , 0.000		 ,  0		 ,  67GEMM		 , 0.000		 ,  0		 ,  67SORT		 , 0.000		 ,  0		 ,  67SPMV		 , 0.000		 ,  0		 ,  67
AES		 , 0.000		 ,  0		 ,  68FFT		 , 1.269		 ,  5		 ,  68SHA		 , 0.000		 ,  0		 ,  68BFS		 , 0.000		 ,  0		 ,  68KMP		 , 0.000		 ,  0		 ,  68GEMM		 , 0.000		 ,  0		 ,  68SORT		 , 0.000		 ,  0		 ,  68SPMV		 , 0.000		 ,  0		 ,  68
AES		 , 0.000		 ,  0		 ,  69FFT		 , 1.250		 ,  5		 ,  69SHA		 , 0.000		 ,  0		 ,  69BFS		 , 0.000		 ,  0		 ,  69KMP		 , 0.000		 ,  0		 ,  69GEMM		 , 0.000		 ,  0		 ,  69SORT		 , 0.000		 ,  0		 ,  69SPMV		 , 0.000		 ,  0		 ,  69
AES		 , 0.000		 ,  0		 ,  70FFT		 , 1.232		 ,  5		 ,  70SHA		 , 0.000		 ,  0		 ,  70BFS		 , 0.000		 ,  0		 ,  70KMP		 , 0.000		 ,  0		 ,  70GEMM		 , 0.000		 ,  0		 ,  70SORT		 , 0.000		 ,  0		 ,  70SPMV		 , 0.000		 ,  0		 ,  70
AES		 , 0.000		 ,  0		 ,  71FFT		 , 1.214		 ,  5		 ,  71SHA		 , 0.000		 ,  0		 ,  71BFS		 , 0.000		 ,  0		 ,  71KMP		 , 0.000		 ,  0		 ,  71GEMM		 , 0.000		 ,  0		 ,  71SORT		 , 0.000		 ,  0		 ,  71SPMV		 , 0.000		 ,  0		 ,  71
AES		 , 0.000		 ,  0		 ,  72FFT		 , 1.437		 ,  6		 ,  72SHA		 , 0.000		 ,  0		 ,  72BFS		 , 0.000		 ,  0		 ,  72KMP		 , 0.000		 ,  0		 ,  72GEMM		 , 0.000		 ,  0		 ,  72SORT		 , 0.000		 ,  0		 ,  72SPMV		 , 0.000		 ,  0		 ,  72
AES		 , 0.000		 ,  0		 ,  73FFT		 , 1.417		 ,  6		 ,  73SHA		 , 0.000		 ,  0		 ,  73BFS		 , 0.000		 ,  0		 ,  73KMP		 , 0.000		 ,  0		 ,  73GEMM		 , 0.000		 ,  0		 ,  73SORT		 , 0.000		 ,  0		 ,  73SPMV		 , 0.000		 ,  0		 ,  73
AES		 , 0.000		 ,  0		 ,  74FFT		 , 1.397		 ,  6		 ,  74SHA		 , 0.000		 ,  0		 ,  74BFS		 , 0.000		 ,  0		 ,  74KMP		 , 0.000		 ,  0		 ,  74GEMM		 , 0.000		 ,  0		 ,  74SORT		 , 0.000		 ,  0		 ,  74SPMV		 , 0.000		 ,  0		 ,  74
AES		 , 0.000		 ,  0		 ,  75FFT		 , 1.378		 ,  6		 ,  75SHA		 , 0.000		 ,  0		 ,  75BFS		 , 0.000		 ,  0		 ,  75KMP		 , 0.000		 ,  0		 ,  75GEMM		 , 0.000		 ,  0		 ,  75SORT		 , 0.000		 ,  0		 ,  75SPMV		 , 0.000		 ,  0		 ,  75
AES		 , 0.000		 ,  0		 ,  76FFT		 , 1.360		 ,  6		 ,  76SHA		 , 0.000		 ,  0		 ,  76BFS		 , 0.000		 ,  0		 ,  76KMP		 , 0.000		 ,  0		 ,  76GEMM		 , 0.000		 ,  0		 ,  76SORT		 , 0.000		 ,  0		 ,  76SPMV		 , 0.000		 ,  0		 ,  76
AES		 , 0.000		 ,  0		 ,  77FFT		 , 1.342		 ,  6		 ,  77SHA		 , 0.000		 ,  0		 ,  77BFS		 , 0.000		 ,  0		 ,  77KMP		 , 0.000		 ,  0		 ,  77GEMM		 , 0.000		 ,  0		 ,  77SORT		 , 0.000		 ,  0		 ,  77SPMV		 , 0.000		 ,  0		 ,  77
AES		 , 0.000		 ,  0		 ,  78FFT		 , 1.325		 ,  6		 ,  78SHA		 , 0.000		 ,  0		 ,  78BFS		 , 0.000		 ,  0		 ,  78KMP		 , 0.000		 ,  0		 ,  78GEMM		 , 0.000		 ,  0		 ,  78SORT		 , 0.000		 ,  0		 ,  78SPMV		 , 0.000		 ,  0		 ,  78
AES		 , 0.000		 ,  0		 ,  79FFT		 , 1.308		 ,  6		 ,  79SHA		 , 0.000		 ,  0		 ,  79BFS		 , 0.000		 ,  0		 ,  79KMP		 , 0.000		 ,  0		 ,  79GEMM		 , 0.000		 ,  0		 ,  79SORT		 , 0.000		 ,  0		 ,  79SPMV		 , 0.000		 ,  0		 ,  79
AES		 , 0.000		 ,  0		 ,  80FFT		 , 1.291		 ,  6		 ,  80SHA		 , 0.000		 ,  0		 ,  80BFS		 , 0.000		 ,  0		 ,  80KMP		 , 0.000		 ,  0		 ,  80GEMM		 , 0.000		 ,  0		 ,  80SORT		 , 0.000		 ,  0		 ,  80SPMV		 , 0.000		 ,  0		 ,  80
AES		 , 0.000		 ,  0		 ,  81FFT		 , 1.275		 ,  6		 ,  81SHA		 , 0.000		 ,  0		 ,  81BFS		 , 0.000		 ,  0		 ,  81KMP		 , 0.000		 ,  0		 ,  81GEMM		 , 0.000		 ,  0		 ,  81SORT		 , 0.000		 ,  0		 ,  81SPMV		 , 0.000		 ,  0		 ,  81
AES		 , 0.000		 ,  0		 ,  82FFT		 , 1.259		 ,  6		 ,  82SHA		 , 0.000		 ,  0		 ,  82BFS		 , 0.000		 ,  0		 ,  82KMP		 , 0.000		 ,  0		 ,  82GEMM		 , 0.000		 ,  0		 ,  82SORT		 , 0.000		 ,  0		 ,  82SPMV		 , 0.000		 ,  0		 ,  82
AES		 , 0.000		 ,  0		 ,  83FFT		 , 1.244		 ,  6		 ,  83SHA		 , 0.000		 ,  0		 ,  83BFS		 , 0.000		 ,  0		 ,  83KMP		 , 0.000		 ,  0		 ,  83GEMM		 , 0.000		 ,  0		 ,  83SORT		 , 0.000		 ,  0		 ,  83SPMV		 , 0.000		 ,  0		 ,  83
AES		 , 0.000		 ,  0		 ,  84FFT		 , 1.434		 ,  7		 ,  84SHA		 , 0.000		 ,  0		 ,  84BFS		 , 0.000		 ,  0		 ,  84KMP		 , 0.000		 ,  0		 ,  84GEMM		 , 0.000		 ,  0		 ,  84SORT		 , 0.000		 ,  0		 ,  84SPMV		 , 0.000		 ,  0		 ,  84
AES		 , 0.000		 ,  0		 ,  85FFT		 , 1.417		 ,  7		 ,  85SHA		 , 0.000		 ,  0		 ,  85BFS		 , 0.000		 ,  0		 ,  85KMP		 , 0.000		 ,  0		 ,  85GEMM		 , 0.000		 ,  0		 ,  85SORT		 , 0.000		 ,  0		 ,  85SPMV		 , 0.000		 ,  0		 ,  85
AES		 , 0.000		 ,  0		 ,  86FFT		 , 1.400		 ,  7		 ,  86SHA		 , 0.000		 ,  0		 ,  86BFS		 , 0.000		 ,  0		 ,  86KMP		 , 0.000		 ,  0		 ,  86GEMM		 , 0.000		 ,  0		 ,  86SORT		 , 0.000		 ,  0		 ,  86SPMV		 , 0.000		 ,  0		 ,  86
AES		 , 0.000		 ,  0		 ,  87FFT		 , 1.384		 ,  7		 ,  87SHA		 , 0.000		 ,  0		 ,  87BFS		 , 0.000		 ,  0		 ,  87KMP		 , 0.000		 ,  0		 ,  87GEMM		 , 0.000		 ,  0		 ,  87SORT		 , 0.000		 ,  0		 ,  87SPMV		 , 0.000		 ,  0		 ,  87
AES		 , 0.000		 ,  0		 ,  88FFT		 , 1.368		 ,  7		 ,  88SHA		 , 0.000		 ,  0		 ,  88BFS		 , 0.000		 ,  0		 ,  88KMP		 , 0.000		 ,  0		 ,  88GEMM		 , 0.000		 ,  0		 ,  88SORT		 , 0.000		 ,  0		 ,  88SPMV		 , 0.000		 ,  0		 ,  88
AES		 , 0.000		 ,  0		 ,  89FFT		 , 1.352		 ,  7		 ,  89SHA		 , 0.000		 ,  0		 ,  89BFS		 , 0.000		 ,  0		 ,  89KMP		 , 0.000		 ,  0		 ,  89GEMM		 , 0.000		 ,  0		 ,  89SORT		 , 0.000		 ,  0		 ,  89SPMV		 , 0.000		 ,  0		 ,  89
AES		 , 0.000		 ,  0		 ,  90FFT		 , 1.337		 ,  7		 ,  90SHA		 , 0.000		 ,  0		 ,  90BFS		 , 0.000		 ,  0		 ,  90KMP		 , 0.000		 ,  0		 ,  90GEMM		 , 0.000		 ,  0		 ,  90SORT		 , 0.000		 ,  0		 ,  90SPMV		 , 0.000		 ,  0		 ,  90
AES		 , 0.000		 ,  0		 ,  91FFT		 , 1.322		 ,  7		 ,  91SHA		 , 0.000		 ,  0		 ,  91BFS		 , 0.000		 ,  0		 ,  91KMP		 , 0.000		 ,  0		 ,  91GEMM		 , 0.000		 ,  0		 ,  91SORT		 , 0.000		 ,  0		 ,  91SPMV		 , 0.000		 ,  0		 ,  91
AES		 , 0.000		 ,  0		 ,  92FFT		 , 1.308		 ,  7		 ,  92SHA		 , 0.000		 ,  0		 ,  92BFS		 , 0.000		 ,  0		 ,  92KMP		 , 0.000		 ,  0		 ,  92GEMM		 , 0.000		 ,  0		 ,  92SORT		 , 0.000		 ,  0		 ,  92SPMV		 , 0.000		 ,  0		 ,  92
AES		 , 0.000		 ,  0		 ,  93FFT		 , 1.293		 ,  7		 ,  93SHA		 , 0.000		 ,  0		 ,  93BFS		 , 0.000		 ,  0		 ,  93KMP		 , 0.000		 ,  0		 ,  93GEMM		 , 0.000		 ,  0		 ,  93SORT		 , 0.000		 ,  0		 ,  93SPMV		 , 0.000		 ,  0		 ,  93
AES		 , 0.000		 ,  0		 ,  94FFT		 , 1.280		 ,  7		 ,  94SHA		 , 0.000		 ,  0		 ,  94BFS		 , 0.000		 ,  0		 ,  94KMP		 , 0.000		 ,  0		 ,  94GEMM		 , 0.000		 ,  0		 ,  94SORT		 , 0.000		 ,  0		 ,  94SPMV		 , 0.000		 ,  0		 ,  94
AES		 , 0.000		 ,  0		 ,  95FFT		 , 1.266		 ,  7		 ,  95SHA		 , 0.000		 ,  0		 ,  95BFS		 , 0.000		 ,  0		 ,  95KMP		 , 0.000		 ,  0		 ,  95GEMM		 , 0.000		 ,  0		 ,  95SORT		 , 0.000		 ,  0		 ,  95SPMV		 , 0.000		 ,  0		 ,  95
AES		 , 0.000		 ,  0		 ,  96FFT		 , 1.253		 ,  7		 ,  96SHA		 , 0.000		 ,  0		 ,  96BFS		 , 0.000		 ,  0		 ,  96KMP		 , 0.000		 ,  0		 ,  96GEMM		 , 0.000		 ,  0		 ,  96SORT		 , 0.000		 ,  0		 ,  96SPMV		 , 0.000		 ,  0		 ,  96
AES		 , 0.000		 ,  0		 ,  97FFT		 , 1.240		 ,  7		 ,  97SHA		 , 0.000		 ,  0		 ,  97BFS		 , 0.000		 ,  0		 ,  97KMP		 , 0.000		 ,  0		 ,  97GEMM		 , 0.000		 ,  0		 ,  97SORT		 , 0.000		 ,  0		 ,  97SPMV		 , 0.000		 ,  0		 ,  97
AES		 , 0.000		 ,  0		 ,  98FFT		 , 1.402		 ,  8		 ,  98SHA		 , 0.000		 ,  0		 ,  98BFS		 , 0.000		 ,  0		 ,  98KMP		 , 0.000		 ,  0		 ,  98GEMM		 , 0.000		 ,  0		 ,  98SORT		 , 0.000		 ,  0		 ,  98SPMV		 , 0.000		 ,  0		 ,  98
AES		 , 0.000		 ,  0		 ,  99FFT		 , 1.388		 ,  8		 ,  99SHA		 , 0.000		 ,  0		 ,  99BFS		 , 0.000		 ,  0		 ,  99KMP		 , 0.000		 ,  0		 ,  99GEMM		 , 0.000		 ,  0		 ,  99SORT		 , 0.000		 ,  0		 ,  99SPMV		 , 0.000		 ,  0		 ,  99
AES		 , 0.000		 ,  0		 , 100FFT		 , 1.374		 ,  8		 , 100SHA		 , 0.000		 ,  0		 , 100BFS		 , 0.000		 ,  0		 , 100KMP		 , 0.000		 ,  0		 , 100GEMM		 , 0.000		 ,  0		 , 100SORT		 , 0.000		 ,  0		 , 100SPMV		 , 0.000		 ,  0		 , 100
AES		 , 0.000		 ,  0		 , 101FFT		 , 1.360		 ,  8		 , 101SHA		 , 0.000		 ,  0		 , 101BFS		 , 0.000		 ,  0		 , 101KMP		 , 0.000		 ,  0		 , 101GEMM		 , 0.000		 ,  0		 , 101SORT		 , 0.000		 ,  0		 , 101SPMV		 , 0.000		 ,  0		 , 101
AES		 , 0.000		 ,  0		 , 102FFT		 , 1.347		 ,  8		 , 102SHA		 , 0.000		 ,  0		 , 102BFS		 , 0.000		 ,  0		 , 102KMP		 , 0.000		 ,  0		 , 102GEMM		 , 0.000		 ,  0		 , 102SORT		 , 0.000		 ,  0		 , 102SPMV		 , 0.000		 ,  0		 , 102
AES		 , 0.000		 ,  0		 , 103FFT		 , 1.333		 ,  8		 , 103SHA		 , 0.000		 ,  0		 , 103BFS		 , 0.000		 ,  0		 , 103KMP		 , 0.000		 ,  0		 , 103GEMM		 , 0.000		 ,  0		 , 103SORT		 , 0.000		 ,  0		 , 103SPMV		 , 0.000		 ,  0		 , 103
AES		 , 0.000		 ,  0		 , 104FFT		 , 1.320		 ,  8		 , 104SHA		 , 0.000		 ,  0		 , 104BFS		 , 0.000		 ,  0		 , 104KMP		 , 0.000		 ,  0		 , 104GEMM		 , 0.000		 ,  0		 , 104SORT		 , 0.000		 ,  0		 , 104SPMV		 , 0.000		 ,  0		 , 104
AES		 , 0.000		 ,  0		 , 105FFT		 , 1.308		 ,  8		 , 105SHA		 , 0.000		 ,  0		 , 105BFS		 , 0.000		 ,  0		 , 105KMP		 , 0.000		 ,  0		 , 105GEMM		 , 0.000		 ,  0		 , 105SORT		 , 0.000		 ,  0		 , 105SPMV		 , 0.000		 ,  0		 , 105
AES		 , 0.000		 ,  0		 , 106FFT		 , 1.295		 ,  8		 , 106SHA		 , 0.000		 ,  0		 , 106BFS		 , 0.000		 ,  0		 , 106KMP		 , 0.000		 ,  0		 , 106GEMM		 , 0.000		 ,  0		 , 106SORT		 , 0.000		 ,  0		 , 106SPMV		 , 0.000		 ,  0		 , 106
AES		 , 0.000		 ,  0		 , 107FFT		 , 1.283		 ,  8		 , 107SHA		 , 0.000		 ,  0		 , 107BFS		 , 0.000		 ,  0		 , 107KMP		 , 0.000		 ,  0		 , 107GEMM		 , 0.000		 ,  0		 , 107SORT		 , 0.000		 ,  0		 , 107SPMV		 , 0.000		 ,  0		 , 107
AES		 , 0.000		 ,  0		 , 108FFT		 , 1.271		 ,  8		 , 108SHA		 , 0.000		 ,  0		 , 108BFS		 , 0.000		 ,  0		 , 108KMP		 , 0.000		 ,  0		 , 108GEMM		 , 0.000		 ,  0		 , 108SORT		 , 0.000		 ,  0		 , 108SPMV		 , 0.000		 ,  0		 , 108
AES		 , 0.000		 ,  0		 , 109FFT		 , 1.259		 ,  8		 , 109SHA		 , 0.000		 ,  0		 , 109BFS		 , 0.000		 ,  0		 , 109KMP		 , 0.000		 ,  0		 , 109GEMM		 , 0.000		 ,  0		 , 109SORT		 , 0.000		 ,  0		 , 109SPMV		 , 0.000		 ,  0		 , 109
AES		 , 0.000		 ,  0		 , 110FFT		 , 1.248		 ,  8		 , 110SHA		 , 0.000		 ,  0		 , 110BFS		 , 0.000		 ,  0		 , 110KMP		 , 0.000		 ,  0		 , 110GEMM		 , 0.000		 ,  0		 , 110SORT		 , 0.000		 ,  0		 , 110SPMV		 , 0.000		 ,  0		 , 110
AES		 , 0.000		 ,  0		 , 111FFT		 , 1.236		 ,  8		 , 111SHA		 , 0.000		 ,  0		 , 111BFS		 , 0.000		 ,  0		 , 111KMP		 , 0.000		 ,  0		 , 111GEMM		 , 0.000		 ,  0		 , 111SORT		 , 0.000		 ,  0		 , 111SPMV		 , 0.000		 ,  0		 , 111
AES		 , 0.000		 ,  0		 , 112FFT		 , 1.225		 ,  8		 , 112SHA		 , 0.000		 ,  0		 , 112BFS		 , 0.000		 ,  0		 , 112KMP		 , 0.000		 ,  0		 , 112GEMM		 , 0.000		 ,  0		 , 112SORT		 , 0.000		 ,  0		 , 112SPMV		 , 0.000		 ,  0		 , 112
AES		 , 0.000		 ,  0		 , 113FFT		 , 1.366		 ,  9		 , 113SHA		 , 0.000		 ,  0		 , 113BFS		 , 0.000		 ,  0		 , 113KMP		 , 0.000		 ,  0		 , 113GEMM		 , 0.000		 ,  0		 , 113SORT		 , 0.000		 ,  0		 , 113SPMV		 , 0.000		 ,  0		 , 113
AES		 , 0.000		 ,  0		 , 114FFT		 , 1.354		 ,  9		 , 114SHA		 , 0.000		 ,  0		 , 114BFS		 , 0.000		 ,  0		 , 114KMP		 , 0.000		 ,  0		 , 114GEMM		 , 0.000		 ,  0		 , 114SORT		 , 0.000		 ,  0		 , 114SPMV		 , 0.000		 ,  0		 , 114
AES		 , 0.000		 ,  0		 , 115FFT		 , 1.342		 ,  9		 , 115SHA		 , 0.000		 ,  0		 , 115BFS		 , 0.000		 ,  0		 , 115KMP		 , 0.000		 ,  0		 , 115GEMM		 , 0.000		 ,  0		 , 115SORT		 , 0.000		 ,  0		 , 115SPMV		 , 0.000		 ,  0		 , 115
AES		 , 0.000		 ,  0		 , 116FFT		 , 1.330		 ,  9		 , 116SHA		 , 0.000		 ,  0		 , 116BFS		 , 0.000		 ,  0		 , 116KMP		 , 0.000		 ,  0		 , 116GEMM		 , 0.000		 ,  0		 , 116SORT		 , 0.000		 ,  0		 , 116SPMV		 , 0.000		 ,  0		 , 116
AES		 , 0.000		 ,  0		 , 117FFT		 , 1.319		 ,  9		 , 117SHA		 , 0.000		 ,  0		 , 117BFS		 , 0.000		 ,  0		 , 117KMP		 , 0.000		 ,  0		 , 117GEMM		 , 0.000		 ,  0		 , 117SORT		 , 0.000		 ,  0		 , 117SPMV		 , 0.000		 ,  0		 , 117
AES		 , 0.000		 ,  0		 , 118FFT		 , 1.308		 ,  9		 , 118SHA		 , 0.000		 ,  0		 , 118BFS		 , 0.000		 ,  0		 , 118KMP		 , 0.000		 ,  0		 , 118GEMM		 , 0.000		 ,  0		 , 118SORT		 , 0.000		 ,  0		 , 118SPMV		 , 0.000		 ,  0		 , 118
AES		 , 0.000		 ,  0		 , 119FFT		 , 1.297		 ,  9		 , 119SHA		 , 0.000		 ,  0		 , 119BFS		 , 0.000		 ,  0		 , 119KMP		 , 0.000		 ,  0		 , 119GEMM		 , 0.000		 ,  0		 , 119SORT		 , 0.000		 ,  0		 , 119SPMV		 , 0.000		 ,  0		 , 119
AES		 , 0.000		 ,  0		 , 120FFT		 , 1.286		 ,  9		 , 120SHA		 , 0.000		 ,  0		 , 120BFS		 , 0.000		 ,  0		 , 120KMP		 , 0.000		 ,  0		 , 120GEMM		 , 0.000		 ,  0		 , 120SORT		 , 0.000		 ,  0		 , 120SPMV		 , 0.000		 ,  0		 , 120
AES		 , 0.000		 ,  0		 , 121FFT		 , 1.275		 ,  9		 , 121SHA		 , 0.000		 ,  0		 , 121BFS		 , 0.000		 ,  0		 , 121KMP		 , 0.000		 ,  0		 , 121GEMM		 , 0.000		 ,  0		 , 121SORT		 , 0.000		 ,  0		 , 121SPMV		 , 0.000		 ,  0		 , 121
AES		 , 0.000		 ,  0		 , 122FFT		 , 1.264		 ,  9		 , 122SHA		 , 0.000		 ,  0		 , 122BFS		 , 0.000		 ,  0		 , 122KMP		 , 0.000		 ,  0		 , 122GEMM		 , 0.000		 ,  0		 , 122SORT		 , 0.000		 ,  0		 , 122SPMV		 , 0.000		 ,  0		 , 122
AES		 , 0.000		 ,  0		 , 123FFT		 , 1.254		 ,  9		 , 123SHA		 , 0.000		 ,  0		 , 123BFS		 , 0.000		 ,  0		 , 123KMP		 , 0.000		 ,  0		 , 123GEMM		 , 0.000		 ,  0		 , 123SORT		 , 0.000		 ,  0		 , 123SPMV		 , 0.000		 ,  0		 , 123
AES		 , 0.000		 ,  0		 , 124FFT		 , 1.244		 ,  9		 , 124SHA		 , 0.000		 ,  0		 , 124BFS		 , 0.000		 ,  0		 , 124KMP		 , 0.000		 ,  0		 , 124GEMM		 , 0.000		 ,  0		 , 124SORT		 , 0.000		 ,  0		 , 124SPMV		 , 0.000		 ,  0		 , 124
AES		 , 0.000		 ,  0		 , 125FFT		 , 1.371		 , 10		 , 125SHA		 , 0.000		 ,  0		 , 125BFS		 , 0.000		 ,  0		 , 125KMP		 , 0.000		 ,  0		 , 125GEMM		 , 0.000		 ,  0		 , 125SORT		 , 0.000		 ,  0		 , 125SPMV		 , 0.000		 ,  0		 , 125
AES		 , 0.000		 ,  0		 , 126FFT		 , 1.360		 , 10		 , 126SHA		 , 0.000		 ,  0		 , 126BFS		 , 0.000		 ,  0		 , 126KMP		 , 0.000		 ,  0		 , 126GEMM		 , 0.000		 ,  0		 , 126SORT		 , 0.000		 ,  0		 , 126SPMV		 , 0.000		 ,  0		 , 126
AES		 , 0.000		 ,  0		 , 127FFT		 , 1.349		 , 10		 , 127SHA		 , 0.000		 ,  0		 , 127BFS		 , 0.000		 ,  0		 , 127KMP		 , 0.000		 ,  0		 , 127GEMM		 , 0.000		 ,  0		 , 127SORT		 , 0.000		 ,  0		 , 127SPMV		 , 0.000		 ,  0		 , 127
AES		 , 0.000		 ,  0		 , 128FFT		 , 1.339		 , 10		 , 128SHA		 , 0.000		 ,  0		 , 128BFS		 , 0.000		 ,  0		 , 128KMP		 , 0.000		 ,  0		 , 128GEMM		 , 0.000		 ,  0		 , 128SORT		 , 0.000		 ,  0		 , 128SPMV		 , 0.000		 ,  0		 , 128
AES		 , 0.000		 ,  0		 , 129FFT		 , 1.328		 , 10		 , 129SHA		 , 0.000		 ,  0		 , 129BFS		 , 0.000		 ,  0		 , 129KMP		 , 0.000		 ,  0		 , 129GEMM		 , 0.000		 ,  0		 , 129SORT		 , 0.000		 ,  0		 , 129SPMV		 , 0.000		 ,  0		 , 129
AES		 , 0.000		 ,  0		 , 130FFT		 , 1.318		 , 10		 , 130SHA		 , 0.000		 ,  0		 , 130BFS		 , 0.000		 ,  0		 , 130KMP		 , 0.000		 ,  0		 , 130GEMM		 , 0.000		 ,  0		 , 130SORT		 , 0.000		 ,  0		 , 130SPMV		 , 0.000		 ,  0		 , 130
AES		 , 0.000		 ,  0		 , 131FFT		 , 1.308		 , 10		 , 131SHA		 , 0.000		 ,  0		 , 131BFS		 , 0.000		 ,  0		 , 131KMP		 , 0.000		 ,  0		 , 131GEMM		 , 0.000		 ,  0		 , 131SORT		 , 0.000		 ,  0		 , 131SPMV		 , 0.000		 ,  0		 , 131
AES		 , 0.000		 ,  0		 , 132FFT		 , 1.298		 , 10		 , 132SHA		 , 0.000		 ,  0		 , 132BFS		 , 0.000		 ,  0		 , 132KMP		 , 0.000		 ,  0		 , 132GEMM		 , 0.000		 ,  0		 , 132SORT		 , 0.000		 ,  0		 , 132SPMV		 , 0.000		 ,  0		 , 132
AES		 , 0.000		 ,  0		 , 133FFT		 , 1.288		 , 10		 , 133SHA		 , 0.000		 ,  0		 , 133BFS		 , 0.000		 ,  0		 , 133KMP		 , 0.000		 ,  0		 , 133GEMM		 , 0.000		 ,  0		 , 133SORT		 , 0.000		 ,  0		 , 133SPMV		 , 0.000		 ,  0		 , 133
AES		 , 0.000		 ,  0		 , 134FFT		 , 1.278		 , 10		 , 134SHA		 , 0.000		 ,  0		 , 134BFS		 , 0.000		 ,  0		 , 134KMP		 , 0.000		 ,  0		 , 134GEMM		 , 0.000		 ,  0		 , 134SORT		 , 0.000		 ,  0		 , 134SPMV		 , 0.000		 ,  0		 , 134
AES		 , 0.000		 ,  0		 , 135FFT		 , 1.269		 , 10		 , 135SHA		 , 0.000		 ,  0		 , 135BFS		 , 0.000		 ,  0		 , 135KMP		 , 0.000		 ,  0		 , 135GEMM		 , 0.000		 ,  0		 , 135SORT		 , 0.000		 ,  0		 , 135SPMV		 , 0.000		 ,  0		 , 135
AES		 , 0.000		 ,  0		 , 136FFT		 , 1.259		 , 10		 , 136SHA		 , 0.000		 ,  0		 , 136BFS		 , 0.000		 ,  0		 , 136KMP		 , 0.000		 ,  0		 , 136GEMM		 , 0.000		 ,  0		 , 136SORT		 , 0.000		 ,  0		 , 136SPMV		 , 0.000		 ,  0		 , 136
AES		 , 0.000		 ,  0		 , 137FFT		 , 1.250		 , 10		 , 137SHA		 , 0.000		 ,  0		 , 137BFS		 , 0.000		 ,  0		 , 137KMP		 , 0.000		 ,  0		 , 137GEMM		 , 0.000		 ,  0		 , 137SORT		 , 0.000		 ,  0		 , 137SPMV		 , 0.000		 ,  0		 , 137
AES		 , 0.000		 ,  0		 , 138FFT		 , 1.241		 , 10		 , 138SHA		 , 0.000		 ,  0		 , 138BFS		 , 0.000		 ,  0		 , 138KMP		 , 0.000		 ,  0		 , 138GEMM		 , 0.000		 ,  0		 , 138SORT		 , 0.000		 ,  0		 , 138SPMV		 , 0.000		 ,  0		 , 138
AES		 , 0.000		 ,  0		 , 139FFT		 , 1.232		 , 10		 , 139SHA		 , 0.000		 ,  0		 , 139BFS		 , 0.000		 ,  0		 , 139KMP		 , 0.000		 ,  0		 , 139GEMM		 , 0.000		 ,  0		 , 139SORT		 , 0.000		 ,  0		 , 139SPMV		 , 0.000		 ,  0		 , 139
AES		 , 0.000		 ,  0		 , 140FFT		 , 1.345		 , 11		 , 140SHA		 , 0.000		 ,  0		 , 140BFS		 , 0.000		 ,  0		 , 140KMP		 , 0.000		 ,  0		 , 140GEMM		 , 0.000		 ,  0		 , 140SORT		 , 0.000		 ,  0		 , 140SPMV		 , 0.000		 ,  0		 , 140
AES		 , 0.000		 ,  0		 , 141FFT		 , 1.336		 , 11		 , 141SHA		 , 0.000		 ,  0		 , 141BFS		 , 0.000		 ,  0		 , 141KMP		 , 0.000		 ,  0		 , 141GEMM		 , 0.000		 ,  0		 , 141SORT		 , 0.000		 ,  0		 , 141SPMV		 , 0.000		 ,  0		 , 141
AES		 , 0.000		 ,  0		 , 142FFT		 , 1.326		 , 11		 , 142SHA		 , 0.000		 ,  0		 , 142BFS		 , 0.000		 ,  0		 , 142KMP		 , 0.000		 ,  0		 , 142GEMM		 , 0.000		 ,  0		 , 142SORT		 , 0.000		 ,  0		 , 142SPMV		 , 0.000		 ,  0		 , 142
AES		 , 0.000		 ,  0		 , 143FFT		 , 1.317		 , 11		 , 143SHA		 , 0.000		 ,  0		 , 143BFS		 , 0.000		 ,  0		 , 143KMP		 , 0.000		 ,  0		 , 143GEMM		 , 0.000		 ,  0		 , 143SORT		 , 0.000		 ,  0		 , 143SPMV		 , 0.000		 ,  0		 , 143
AES		 , 0.000		 ,  0		 , 144FFT		 , 1.308		 , 11		 , 144SHA		 , 0.000		 ,  0		 , 144BFS		 , 0.000		 ,  0		 , 144KMP		 , 0.000		 ,  0		 , 144GEMM		 , 0.000		 ,  0		 , 144SORT		 , 0.000		 ,  0		 , 144SPMV		 , 0.000		 ,  0		 , 144
AES		 , 0.000		 ,  0		 , 145FFT		 , 1.299		 , 11		 , 145SHA		 , 0.000		 ,  0		 , 145BFS		 , 0.000		 ,  0		 , 145KMP		 , 0.000		 ,  0		 , 145GEMM		 , 0.000		 ,  0		 , 145SORT		 , 0.000		 ,  0		 , 145SPMV		 , 0.000		 ,  0		 , 145

Program Finished
