Program Started
AES		 , nan		 ,  0		 ,   0FFT		 , nan		 ,  0		 ,   2SHA		 , nan		 ,  0		 ,   0BFS		 , nan		 ,  0		 ,   2KMP		 ,
Program Started
AES		 , nan		 ,  0		 ,   0FFT		 , nan		 ,  0		 ,   2SHA		 , nan		 ,  0		 ,   0BFS		 , nan		 ,  0		 ,   2KMP		 , nan		 ,  0		 ,   0GEMM		 , nan		 ,  0		 ,   3SORT		 , nan		 ,  0		 ,   0SPMV		 , nan		 ,  0		 ,   1
AES		 , 0.000		 ,  0		 ,   1FFT		 , 0.000		 ,  0		 ,   2SHA		 , 0.000		 ,  0		 ,   2BFS		 , 0.000		 ,  0		 ,   2KMP		 , 0.000		 ,  0		 ,   0GEMM		 , 14.000		 ,  1		 ,   5SORT		 , 0.000		 ,  0		 ,   2SPMV		 , 5.000		 ,  2		 ,   2
AES		 , 1.000		 ,  4		 ,   2FFT		 , 0.000		 ,  0		 ,   2SHA		 , 5.143		 ,  6		 ,   3BFS		 , 0.000		 ,  0		 ,   4KMP		 , 0.000		 ,  0		 ,   2GEMM		 , 7.000		 ,  1		 ,   5SORT		 , 0.000		 ,  0		 ,   2SPMV		 , 2.500		 ,  2		 ,   4
AES		 , 0.667		 ,  4		 ,   2FFT		 , 0.000		 ,  0		 ,   6SHA		 , 3.429		 ,  6		 ,   3BFS		 , 2.143		 ,  1		 ,   5KMP		 , 1.929		 ,  6		 ,   2GEMM		 , 4.667		 ,  1		 ,   6SORT		 , 0.000		 ,  0		 ,   3SPMV		 , 1.667		 ,  2		 ,   5
AES		 , 0.500		 ,  4		 ,   2FFT		 , 3.795		 ,  5		 ,   8SHA		 , 2.571		 ,  6		 ,   4BFS		 , 1.607		 ,  1		 ,   5KMP		 , 1.446		 ,  6		 ,   2GEMM		 , 3.500		 ,  1		 ,   7SORT		 , 0.250		 ,  2		 ,   6SPMV		 , 2.500		 ,  4		 ,   6
AES		 , 0.400		 ,  4		 ,   2FFT		 , 3.036		 ,  5		 ,   9SHA		 , 2.057		 ,  6		 ,   4BFS		 , 1.286		 ,  1		 ,   7KMP		 , 1.157		 ,  6		 ,   5GEMM		 , 2.800		 ,  1		 ,   8SORT		 , 0.800		 ,  8		 ,   6SPMV		 , 2.000		 ,  4		 ,   7
AES		 , 0.333		 ,  4		 ,   6FFT		 , 2.530		 ,  5		 ,  10SHA		 , 1.714		 ,  6		 ,   5BFS		 , 1.071		 ,  1		 ,   7KMP		 , 1.929		 , 12		 ,   5GEMM		 , 2.333		 ,  1		 ,   9SORT		 , 0.667		 ,  8		 ,   6SPMV		 , 2.500		 ,  6		 ,   8
AES		 , 1.143		 , 16		 ,   7FFT		 , 2.168		 ,  5		 ,  10SHA		 , 1.469		 ,  6		 ,   6BFS		 , 0.918		 ,  1		 ,   8KMP		 , 1.653		 , 12		 ,   5GEMM		 , 2.000		 ,  1		 ,  10SORT		 , 0.571		 ,  8		 ,   8SPMV		 , 2.143		 ,  6		 ,  10
AES		 , 1.000		 , 16		 ,   7FFT		 , 1.897		 ,  5		 ,  12SHA		 , 1.286		 ,  6		 ,   6BFS		 , 0.804		 ,  1		 ,   9KMP		 , 1.446		 , 12		 ,   6GEMM		 , 1.750		 ,  1		 ,  11SORT		 , 0.875		 , 14		 ,   9SPMV		 , 1.875		 ,  6		 ,  12
AES		 , 0.889		 , 16		 ,   9FFT		 , 1.687		 ,  5		 ,  12SHA		 , 1.143		 ,  6		 ,   7BFS		 , 0.714		 ,  1		 ,  10KMP		 , 1.607		 , 15		 ,   7GEMM		 , 3.111		 ,  2		 ,  11SORT		 , 0.889		 , 16		 ,  12SPMV		 , 1.667		 ,  6		 ,  12
AES		 , 1.000		 , 20		 ,  10FFT		 , 1.518		 ,  5		 ,  15SHA		 , 1.029		 ,  6		 ,   7BFS		 , 0.643		 ,  1		 ,  10KMP		 , 1.446		 , 15		 ,   7GEMM		 , 2.800		 ,  2		 ,  12SORT		 , 1.000		 , 20		 ,  13SPMV		 , 1.500		 ,  6		 ,  14
AES		 , 1.091		 , 24		 ,  10FFT		 , 2.760		 , 10		 ,  16SHA		 , 0.935		 ,  6		 ,   8BFS		 , 0.584		 ,  1		 ,  12KMP		 , 1.315		 , 15		 ,   7GEMM		 , 2.545		 ,  2		 ,  12SORT		 , 1.000		 , 22		 ,  15SPMV		 , 1.364		 ,  6		 ,  16
AES		 , 1.000		 , 24		 ,  11FFT		 , 2.530		 , 10		 ,  19SHA		 , 0.857		 ,  6		 ,  10BFS		 , 1.071		 ,  2		 ,  14KMP		 , 1.205		 , 15		 ,   7GEMM		 , 2.333		 ,  2		 ,  12SORT		 , 1.083		 , 26		 ,  15SPMV		 , 1.250		 ,  6		 ,  16
AES		 , 1.077		 , 28		 ,  13FFT		 , 2.335		 , 10		 ,  20SHA		 , 1.187		 ,  9		 ,  11BFS		 , 1.484		 ,  3		 ,  15KMP		 , 1.113		 , 15		 ,   8GEMM		 , 2.154		 ,  2		 ,  12SORT		 , 1.000		 , 26		 ,  16SPMV		 , 1.154		 ,  6		 ,  17
AES		 , 1.143		 , 32		 ,  13FFT		 , 2.168		 , 10		 ,  21SHA		 , 1.102		 ,  9		 ,  12BFS		 , 1.378		 ,  3		 ,  17KMP		 , 1.033		 , 15		 ,   9GEMM		 , 2.000		 ,  2		 ,  14SORT		 , 1.000		 , 28		 ,  16SPMV		 , 1.429		 ,  8		 ,  18
AES		 , 1.067		 , 32		 ,  13FFT		 , 2.024		 , 10		 ,  23SHA		 , 1.371		 , 12		 ,  13BFS		 , 1.286		 ,  3		 ,  20KMP		 , 1.157		 , 18		 ,  10GEMM		 , 2.800		 ,  3		 ,  15SORT		 , 0.933		 , 28		 ,  16SPMV		 , 1.333		 ,  8		 ,  18
AES		 , 1.000		 , 32		 ,  13FFT		 , 2.846		 , 15		 ,  24SHA		 , 1.607		 , 15		 ,  14BFS		 , 1.205		 ,  3		 ,  22KMP		 , 1.266		 , 21		 ,  11GEMM		 , 2.625		 ,  3		 ,  16SORT		 , 0.875		 , 28		 ,  17SPMV		 , 1.250		 ,  8		 ,  19
AES		 , 0.941		 , 32		 ,  15FFT		 , 2.679		 , 15		 ,  25SHA		 , 1.513		 , 15		 ,  14BFS		 , 1.134		 ,  3		 ,  23KMP		 , 1.191		 , 21		 ,  12GEMM		 , 2.471		 ,  3		 ,  18SORT		 , 0.941		 , 32		 ,  17SPMV		 , 1.471		 , 10		 ,  20
AES		 , 1.222		 , 44		 ,  15FFT		 , 2.530		 , 15		 ,  28SHA		 , 1.429		 , 15		 ,  14BFS		 , 1.071		 ,  3		 ,  24KMP		 , 1.125		 , 21		 ,  14GEMM		 , 2.333		 ,  3		 ,  19SORT		 , 0.889		 , 32		 ,  18SPMV		 , 1.389		 , 10		 ,  20
AES		 , 1.158		 , 44		 ,  17FFT		 , 2.397		 , 15		 ,  29SHA		 , 1.353		 , 15		 ,  15BFS		 , 1.015		 ,  3		 ,  25KMP		 , 1.370		 , 27		 ,  16GEMM		 , 2.211		 ,  3		 ,  20SORT		 , 0.895		 , 34		 ,  18SPMV		 , 1.316		 , 10		 ,  20
AES		 , 1.400		 , 56		 ,  19FFT		 , 2.277		 , 15		 ,  30SHA		 , 1.286		 , 15		 ,  16BFS		 , 0.964		 ,  3		 ,  26KMP		 , 1.302		 , 27		 ,  17GEMM		 , 2.100		 ,  3		 ,  21SORT		 , 0.850		 , 34		 ,  18SPMV		 , 1.250		 , 10		 ,  21
AES		 , 1.333		 , 56		 ,  20FFT		 , 2.168		 , 15		 ,  30SHA		 , 1.224		 , 15		 ,  18BFS		 , 1.224		 ,  4		 ,  26KMP		 , 1.378		 , 30		 ,  19GEMM		 , 2.000		 ,  3		 ,  23SORT		 , 0.810		 , 34		 ,  18SPMV		 , 1.429		 , 12		 ,  22
AES		 , 1.364		 , 60		 ,  21FFT		 , 2.070		 , 15		 ,  32SHA		 , 1.403		 , 18		 ,  18BFS		 , 1.169		 ,  4		 ,  27KMP		 , 1.446		 , 33		 ,  19GEMM		 , 1.909		 ,  3		 ,  26SORT		 , 0.773		 , 34		 ,  19SPMV		 , 1.364		 , 12		 ,  22
AES		 , 1.391		 , 64		 ,  22FFT		 , 1.980		 , 15		 ,  34SHA		 , 1.342		 , 18		 ,  19BFS		 , 1.118		 ,  4		 ,  28KMP		 , 1.384		 , 33		 ,  20GEMM		 , 2.435		 ,  4		 ,  27SORT		 , 0.783		 , 36		 ,  19SPMV		 , 1.304		 , 12		 ,  23
AES		 , 1.417		 , 68		 ,  25FFT		 , 1.897		 , 15		 ,  34SHA		 , 1.286		 , 18		 ,  19BFS		 , 1.071		 ,  4		 ,  29KMP		 , 1.326		 , 33		 ,  21GEMM		 , 2.333		 ,  4		 ,  28SORT		 , 0.750		 , 36		 ,  21SPMV		 , 1.667		 , 16		 ,  23
AES		 , 1.440		 , 72		 ,  26FFT		 , 1.821		 , 15		 ,  34SHA		 , 1.234		 , 18		 ,  20BFS		 , 1.029		 ,  4		 ,  29KMP		 , 1.273		 , 33		 ,  24GEMM		 , 2.240		 ,  4		 ,  28SORT		 , 0.800		 , 40		 ,  24SPMV		 , 1.600		 , 16		 ,  23

Program Finished
